<?xml version="1.0" encoding="UTF-8"?>
<!-- Generated by org.testng.reporters.JUnitXMLReporter -->
<testsuite ignored="0" hostname="DESKTOP-CHSPPV5" failures="0" tests="7" name="Default test" time="42.979" errors="0" timestamp="2020-03-22T19:47:53 IST">
  <testcase classname="demo.survey.s2cRegression" name="checkPreviousButtton" time="1.841"/>
  <testcase classname="demo.survey.s2cRegression" name="checkTitle" time="0.02"/>
  <testcase classname="demo.survey.s2cRegression" name="submitFormNegative" time="0.231"/>
  <testcase classname="demo.survey.s2cRegression" name="submitFormNegative" time="1.382"/>
  <testcase classname="demo.survey.s2cRegression" name="submitFormNegative" time="2.637"/>
  <testcase classname="demo.survey.s2cRegression" name="submitFormPositive" time="3.586"/>
  <testcase classname="demo.survey.s2cRegression" name="submitFormPositive" time="3.324"/>
</testsuite> <!-- Default test -->
